FATAL [Thread-4] 2018-12-03 00:29:39,600 repast.simphony.ui.GUIScheduleRunner - RunTimeException when running the schedule
Current tick (150.0)
java.lang.RuntimeException: java.util.ConcurrentModificationException
	at repast.simphony.statecharts.AbstractState.onEnter(AbstractState.java:82)
	at repast.simphony.statecharts.DefaultStateChart.stateInit(DefaultStateChart.java:127)
	at repast.simphony.statecharts.DefaultStateChart.makeRegularTransition(DefaultStateChart.java:449)
	at repast.simphony.statecharts.DefaultStateChart.resolve(DefaultStateChart.java:550)
	at repast.simphony.statecharts.StateChartResolveAction.notifyListeners(StateChartResolveAction.java:69)
	at repast.simphony.statecharts.StateChartResolveAction.execute(StateChartResolveAction.java:80)
	at repast.simphony.engine.schedule.DefaultAction.execute(DefaultAction.java:38)
	at repast.simphony.engine.schedule.ScheduleGroup.executeList(ScheduleGroup.java:205)
	at repast.simphony.engine.schedule.ScheduleGroup.execute(ScheduleGroup.java:235)
	at repast.simphony.engine.schedule.Schedule.execute(Schedule.java:352)
	at repast.simphony.ui.GUIScheduleRunner$ScheduleLoopRunnable.run(GUIScheduleRunner.java:52)
	at java.lang.Thread.run(Thread.java:748)
Caused by: java.util.ConcurrentModificationException
	at java.util.ArrayList$Itr.checkForComodification(ArrayList.java:909)
	at java.util.ArrayList$Itr.next(ArrayList.java:859)
	at repast.simphony.util.collections.DelegatedIterator.next(DelegatedIterator.java:44)
	at org.apache.commons.collections15.iterators.IteratorChain.next(IteratorChain.java:271)
	at cyberwarFX.CyberProtectionTeam.seekAndDestroy(CyberProtectionTeam.java:88)
	at cyberwarFX.chart.SC2OnEnterAction2.action(SC2OnEnterAction2.java:17)
	at cyberwarFX.chart.SC2OnEnterAction2.action(SC2OnEnterAction2.java:1)
	at repast.simphony.statecharts.AbstractState.onEnter(AbstractState.java:79)
	... 11 more
ERROR [Thread-4] 2018-12-03 00:39:20,642 repast.simphony.statecharts.SimpleState - Error encountered when calling onEnter in state: eliminate threats
java.util.ConcurrentModificationException
	at java.util.ArrayList$Itr.checkForComodification(ArrayList.java:909)
	at java.util.ArrayList$Itr.next(ArrayList.java:859)
	at repast.simphony.util.collections.DelegatedIterator.next(DelegatedIterator.java:44)
	at org.apache.commons.collections15.iterators.IteratorChain.next(IteratorChain.java:271)
	at cyberwarFX.CyberProtectionTeam.seekAndDestroy(CyberProtectionTeam.java:88)
	at cyberwarFX.chart.SC2OnEnterAction2.action(SC2OnEnterAction2.java:17)
	at cyberwarFX.chart.SC2OnEnterAction2.action(SC2OnEnterAction2.java:1)
	at repast.simphony.statecharts.AbstractState.onEnter(AbstractState.java:79)
	at repast.simphony.statecharts.DefaultStateChart.stateInit(DefaultStateChart.java:127)
	at repast.simphony.statecharts.DefaultStateChart.makeRegularTransition(DefaultStateChart.java:449)
	at repast.simphony.statecharts.DefaultStateChart.resolve(DefaultStateChart.java:550)
	at repast.simphony.statecharts.StateChartResolveAction.notifyListeners(StateChartResolveAction.java:69)
	at repast.simphony.statecharts.StateChartResolveAction.execute(StateChartResolveAction.java:80)
	at repast.simphony.engine.schedule.DefaultAction.execute(DefaultAction.java:38)
	at repast.simphony.engine.schedule.ScheduleGroup.executeList(ScheduleGroup.java:205)
	at repast.simphony.engine.schedule.ScheduleGroup.execute(ScheduleGroup.java:235)
	at repast.simphony.engine.schedule.Schedule.execute(Schedule.java:352)
	at repast.simphony.ui.GUIScheduleRunner$ScheduleLoopRunnable.run(GUIScheduleRunner.java:52)
	at java.lang.Thread.run(Thread.java:748)
FATAL [Thread-4] 2018-12-03 00:39:20,644 repast.simphony.ui.GUIScheduleRunner - RunTimeException when running the schedule
Current tick (150.0)
java.lang.RuntimeException: java.util.ConcurrentModificationException
	at repast.simphony.statecharts.AbstractState.onEnter(AbstractState.java:82)
	at repast.simphony.statecharts.DefaultStateChart.stateInit(DefaultStateChart.java:127)
	at repast.simphony.statecharts.DefaultStateChart.makeRegularTransition(DefaultStateChart.java:449)
	at repast.simphony.statecharts.DefaultStateChart.resolve(DefaultStateChart.java:550)
	at repast.simphony.statecharts.StateChartResolveAction.notifyListeners(StateChartResolveAction.java:69)
	at repast.simphony.statecharts.StateChartResolveAction.execute(StateChartResolveAction.java:80)
	at repast.simphony.engine.schedule.DefaultAction.execute(DefaultAction.java:38)
	at repast.simphony.engine.schedule.ScheduleGroup.executeList(ScheduleGroup.java:205)
	at repast.simphony.engine.schedule.ScheduleGroup.execute(ScheduleGroup.java:235)
	at repast.simphony.engine.schedule.Schedule.execute(Schedule.java:352)
	at repast.simphony.ui.GUIScheduleRunner$ScheduleLoopRunnable.run(GUIScheduleRunner.java:52)
	at java.lang.Thread.run(Thread.java:748)
Caused by: java.util.ConcurrentModificationException
	at java.util.ArrayList$Itr.checkForComodification(ArrayList.java:909)
	at java.util.ArrayList$Itr.next(ArrayList.java:859)
	at repast.simphony.util.collections.DelegatedIterator.next(DelegatedIterator.java:44)
	at org.apache.commons.collections15.iterators.IteratorChain.next(IteratorChain.java:271)
	at cyberwarFX.CyberProtectionTeam.seekAndDestroy(CyberProtectionTeam.java:88)
	at cyberwarFX.chart.SC2OnEnterAction2.action(SC2OnEnterAction2.java:17)
	at cyberwarFX.chart.SC2OnEnterAction2.action(SC2OnEnterAction2.java:1)
	at repast.simphony.statecharts.AbstractState.onEnter(AbstractState.java:79)
	... 11 more
ERROR [Thread-6] 2018-12-03 00:42:55,987 repast.simphony.statecharts.SimpleState - Error encountered when calling onEnter in state: eliminate threats
java.util.ConcurrentModificationException
	at java.util.ArrayList$Itr.checkForComodification(ArrayList.java:909)
	at java.util.ArrayList$Itr.next(ArrayList.java:859)
	at repast.simphony.util.collections.DelegatedIterator.next(DelegatedIterator.java:44)
	at org.apache.commons.collections15.iterators.IteratorChain.next(IteratorChain.java:271)
	at cyberwarFX.CyberProtectionTeam.seekAndDestroy(CyberProtectionTeam.java:88)
	at cyberwarFX.chart.SC2OnEnterAction2.action(SC2OnEnterAction2.java:17)
	at cyberwarFX.chart.SC2OnEnterAction2.action(SC2OnEnterAction2.java:1)
	at repast.simphony.statecharts.AbstractState.onEnter(AbstractState.java:79)
	at repast.simphony.statecharts.DefaultStateChart.stateInit(DefaultStateChart.java:127)
	at repast.simphony.statecharts.DefaultStateChart.makeRegularTransition(DefaultStateChart.java:449)
	at repast.simphony.statecharts.DefaultStateChart.resolve(DefaultStateChart.java:550)
	at repast.simphony.statecharts.StateChartResolveAction.notifyListeners(StateChartResolveAction.java:69)
	at repast.simphony.statecharts.StateChartResolveAction.execute(StateChartResolveAction.java:80)
	at repast.simphony.engine.schedule.DefaultAction.execute(DefaultAction.java:38)
	at repast.simphony.engine.schedule.ScheduleGroup.executeList(ScheduleGroup.java:205)
	at repast.simphony.engine.schedule.ScheduleGroup.execute(ScheduleGroup.java:235)
	at repast.simphony.engine.schedule.Schedule.execute(Schedule.java:352)
	at repast.simphony.ui.GUIScheduleRunner$ScheduleLoopRunnable.run(GUIScheduleRunner.java:52)
	at java.lang.Thread.run(Thread.java:748)
FATAL [Thread-6] 2018-12-03 00:42:55,990 repast.simphony.ui.GUIScheduleRunner - RunTimeException when running the schedule
Current tick (100.0)
java.lang.RuntimeException: java.util.ConcurrentModificationException
	at repast.simphony.statecharts.AbstractState.onEnter(AbstractState.java:82)
	at repast.simphony.statecharts.DefaultStateChart.stateInit(DefaultStateChart.java:127)
	at repast.simphony.statecharts.DefaultStateChart.makeRegularTransition(DefaultStateChart.java:449)
	at repast.simphony.statecharts.DefaultStateChart.resolve(DefaultStateChart.java:550)
	at repast.simphony.statecharts.StateChartResolveAction.notifyListeners(StateChartResolveAction.java:69)
	at repast.simphony.statecharts.StateChartResolveAction.execute(StateChartResolveAction.java:80)
	at repast.simphony.engine.schedule.DefaultAction.execute(DefaultAction.java:38)
	at repast.simphony.engine.schedule.ScheduleGroup.executeList(ScheduleGroup.java:205)
	at repast.simphony.engine.schedule.ScheduleGroup.execute(ScheduleGroup.java:235)
	at repast.simphony.engine.schedule.Schedule.execute(Schedule.java:352)
	at repast.simphony.ui.GUIScheduleRunner$ScheduleLoopRunnable.run(GUIScheduleRunner.java:52)
	at java.lang.Thread.run(Thread.java:748)
Caused by: java.util.ConcurrentModificationException
	at java.util.ArrayList$Itr.checkForComodification(ArrayList.java:909)
	at java.util.ArrayList$Itr.next(ArrayList.java:859)
	at repast.simphony.util.collections.DelegatedIterator.next(DelegatedIterator.java:44)
	at org.apache.commons.collections15.iterators.IteratorChain.next(IteratorChain.java:271)
	at cyberwarFX.CyberProtectionTeam.seekAndDestroy(CyberProtectionTeam.java:88)
	at cyberwarFX.chart.SC2OnEnterAction2.action(SC2OnEnterAction2.java:17)
	at cyberwarFX.chart.SC2OnEnterAction2.action(SC2OnEnterAction2.java:1)
	at repast.simphony.statecharts.AbstractState.onEnter(AbstractState.java:79)
	... 11 more
ERROR [Thread-4] 2018-12-03 00:45:57,686 repast.simphony.statecharts.SimpleState - Error encountered when calling onEnter in state: eliminate threats
java.util.ConcurrentModificationException
	at java.util.ArrayList$Itr.checkForComodification(ArrayList.java:909)
	at java.util.ArrayList$Itr.next(ArrayList.java:859)
	at repast.simphony.util.collections.DelegatedIterator.next(DelegatedIterator.java:44)
	at org.apache.commons.collections15.iterators.IteratorChain.next(IteratorChain.java:271)
	at cyberwarFX.CyberProtectionTeam.seekAndDestroy(CyberProtectionTeam.java:88)
	at cyberwarFX.chart.SC2OnEnterAction2.action(SC2OnEnterAction2.java:17)
	at cyberwarFX.chart.SC2OnEnterAction2.action(SC2OnEnterAction2.java:1)
	at repast.simphony.statecharts.AbstractState.onEnter(AbstractState.java:79)
	at repast.simphony.statecharts.DefaultStateChart.stateInit(DefaultStateChart.java:127)
	at repast.simphony.statecharts.DefaultStateChart.makeRegularTransition(DefaultStateChart.java:449)
	at repast.simphony.statecharts.DefaultStateChart.resolve(DefaultStateChart.java:550)
	at repast.simphony.statecharts.StateChartResolveAction.notifyListeners(StateChartResolveAction.java:69)
	at repast.simphony.statecharts.StateChartResolveAction.execute(StateChartResolveAction.java:80)
	at repast.simphony.engine.schedule.DefaultAction.execute(DefaultAction.java:38)
	at repast.simphony.engine.schedule.ScheduleGroup.executeList(ScheduleGroup.java:205)
	at repast.simphony.engine.schedule.ScheduleGroup.execute(ScheduleGroup.java:235)
	at repast.simphony.engine.schedule.Schedule.execute(Schedule.java:352)
	at repast.simphony.ui.GUIScheduleRunner$ScheduleLoopRunnable.run(GUIScheduleRunner.java:52)
	at java.lang.Thread.run(Thread.java:748)
FATAL [Thread-4] 2018-12-03 00:45:57,688 repast.simphony.ui.GUIScheduleRunner - RunTimeException when running the schedule
Current tick (150.0)
java.lang.RuntimeException: java.util.ConcurrentModificationException
	at repast.simphony.statecharts.AbstractState.onEnter(AbstractState.java:82)
	at repast.simphony.statecharts.DefaultStateChart.stateInit(DefaultStateChart.java:127)
	at repast.simphony.statecharts.DefaultStateChart.makeRegularTransition(DefaultStateChart.java:449)
	at repast.simphony.statecharts.DefaultStateChart.resolve(DefaultStateChart.java:550)
	at repast.simphony.statecharts.StateChartResolveAction.notifyListeners(StateChartResolveAction.java:69)
	at repast.simphony.statecharts.StateChartResolveAction.execute(StateChartResolveAction.java:80)
	at repast.simphony.engine.schedule.DefaultAction.execute(DefaultAction.java:38)
	at repast.simphony.engine.schedule.ScheduleGroup.executeList(ScheduleGroup.java:205)
	at repast.simphony.engine.schedule.ScheduleGroup.execute(ScheduleGroup.java:235)
	at repast.simphony.engine.schedule.Schedule.execute(Schedule.java:352)
	at repast.simphony.ui.GUIScheduleRunner$ScheduleLoopRunnable.run(GUIScheduleRunner.java:52)
	at java.lang.Thread.run(Thread.java:748)
Caused by: java.util.ConcurrentModificationException
	at java.util.ArrayList$Itr.checkForComodification(ArrayList.java:909)
	at java.util.ArrayList$Itr.next(ArrayList.java:859)
	at repast.simphony.util.collections.DelegatedIterator.next(DelegatedIterator.java:44)
	at org.apache.commons.collections15.iterators.IteratorChain.next(IteratorChain.java:271)
	at cyberwarFX.CyberProtectionTeam.seekAndDestroy(CyberProtectionTeam.java:88)
	at cyberwarFX.chart.SC2OnEnterAction2.action(SC2OnEnterAction2.java:17)
	at cyberwarFX.chart.SC2OnEnterAction2.action(SC2OnEnterAction2.java:1)
	at repast.simphony.statecharts.AbstractState.onEnter(AbstractState.java:79)
	... 11 more
ERROR [Thread-4] 2018-12-03 00:46:34,326 repast.simphony.statecharts.SimpleState - Error encountered when calling onEnter in state: eliminate threats
java.util.ConcurrentModificationException
	at java.util.ArrayList$Itr.checkForComodification(ArrayList.java:909)
	at java.util.ArrayList$Itr.next(ArrayList.java:859)
	at repast.simphony.util.collections.DelegatedIterator.next(DelegatedIterator.java:44)
	at org.apache.commons.collections15.iterators.IteratorChain.next(IteratorChain.java:271)
	at cyberwarFX.CyberProtectionTeam.seekAndDestroy(CyberProtectionTeam.java:88)
	at cyberwarFX.chart.SC2OnEnterAction2.action(SC2OnEnterAction2.java:17)
	at cyberwarFX.chart.SC2OnEnterAction2.action(SC2OnEnterAction2.java:1)
	at repast.simphony.statecharts.AbstractState.onEnter(AbstractState.java:79)
	at repast.simphony.statecharts.DefaultStateChart.stateInit(DefaultStateChart.java:127)
	at repast.simphony.statecharts.DefaultStateChart.makeRegularTransition(DefaultStateChart.java:449)
	at repast.simphony.statecharts.DefaultStateChart.resolve(DefaultStateChart.java:550)
	at repast.simphony.statecharts.StateChartResolveAction.notifyListeners(StateChartResolveAction.java:69)
	at repast.simphony.statecharts.StateChartResolveAction.execute(StateChartResolveAction.java:80)
	at repast.simphony.engine.schedule.DefaultAction.execute(DefaultAction.java:38)
	at repast.simphony.engine.schedule.ScheduleGroup.executeList(ScheduleGroup.java:205)
	at repast.simphony.engine.schedule.ScheduleGroup.execute(ScheduleGroup.java:235)
	at repast.simphony.engine.schedule.Schedule.execute(Schedule.java:352)
	at repast.simphony.ui.GUIScheduleRunner$ScheduleLoopRunnable.run(GUIScheduleRunner.java:52)
	at java.lang.Thread.run(Thread.java:748)
FATAL [Thread-4] 2018-12-03 00:46:34,329 repast.simphony.ui.GUIScheduleRunner - RunTimeException when running the schedule
Current tick (150.0)
java.lang.RuntimeException: java.util.ConcurrentModificationException
	at repast.simphony.statecharts.AbstractState.onEnter(AbstractState.java:82)
	at repast.simphony.statecharts.DefaultStateChart.stateInit(DefaultStateChart.java:127)
	at repast.simphony.statecharts.DefaultStateChart.makeRegularTransition(DefaultStateChart.java:449)
	at repast.simphony.statecharts.DefaultStateChart.resolve(DefaultStateChart.java:550)
	at repast.simphony.statecharts.StateChartResolveAction.notifyListeners(StateChartResolveAction.java:69)
	at repast.simphony.statecharts.StateChartResolveAction.execute(StateChartResolveAction.java:80)
	at repast.simphony.engine.schedule.DefaultAction.execute(DefaultAction.java:38)
	at repast.simphony.engine.schedule.ScheduleGroup.executeList(ScheduleGroup.java:205)
	at repast.simphony.engine.schedule.ScheduleGroup.execute(ScheduleGroup.java:235)
	at repast.simphony.engine.schedule.Schedule.execute(Schedule.java:352)
	at repast.simphony.ui.GUIScheduleRunner$ScheduleLoopRunnable.run(GUIScheduleRunner.java:52)
	at java.lang.Thread.run(Thread.java:748)
Caused by: java.util.ConcurrentModificationException
	at java.util.ArrayList$Itr.checkForComodification(ArrayList.java:909)
	at java.util.ArrayList$Itr.next(ArrayList.java:859)
	at repast.simphony.util.collections.DelegatedIterator.next(DelegatedIterator.java:44)
	at org.apache.commons.collections15.iterators.IteratorChain.next(IteratorChain.java:271)
	at cyberwarFX.CyberProtectionTeam.seekAndDestroy(CyberProtectionTeam.java:88)
	at cyberwarFX.chart.SC2OnEnterAction2.action(SC2OnEnterAction2.java:17)
	at cyberwarFX.chart.SC2OnEnterAction2.action(SC2OnEnterAction2.java:1)
	at repast.simphony.statecharts.AbstractState.onEnter(AbstractState.java:79)
	... 11 more
ERROR [Thread-4] 2018-12-03 01:08:26,217 repast.simphony.statecharts.SimpleState - Error encountered when calling onEnter in state: eliminate threats
java.util.ConcurrentModificationException
	at java.util.ArrayList$Itr.checkForComodification(ArrayList.java:909)
	at java.util.ArrayList$Itr.next(ArrayList.java:859)
	at repast.simphony.util.collections.DelegatedIterator.next(DelegatedIterator.java:44)
	at org.apache.commons.collections15.iterators.IteratorChain.next(IteratorChain.java:271)
	at cyberwarFX.CyberProtectionTeam.seekAndDestroy(CyberProtectionTeam.java:79)
	at cyberwarFX.chart.SC2OnEnterAction2.action(SC2OnEnterAction2.java:17)
	at cyberwarFX.chart.SC2OnEnterAction2.action(SC2OnEnterAction2.java:1)
	at repast.simphony.statecharts.AbstractState.onEnter(AbstractState.java:79)
	at repast.simphony.statecharts.DefaultStateChart.stateInit(DefaultStateChart.java:127)
	at repast.simphony.statecharts.DefaultStateChart.makeRegularTransition(DefaultStateChart.java:449)
	at repast.simphony.statecharts.DefaultStateChart.stateInit(DefaultStateChart.java:306)
	at repast.simphony.statecharts.DefaultStateChart.makeRegularTransition(DefaultStateChart.java:449)
	at repast.simphony.statecharts.DefaultStateChart.resolve(DefaultStateChart.java:550)
	at repast.simphony.statecharts.StateChartResolveAction.notifyListeners(StateChartResolveAction.java:69)
	at repast.simphony.statecharts.StateChartResolveAction.execute(StateChartResolveAction.java:80)
	at repast.simphony.engine.schedule.DefaultAction.execute(DefaultAction.java:38)
	at repast.simphony.engine.schedule.ScheduleGroup.executeList(ScheduleGroup.java:205)
	at repast.simphony.engine.schedule.ScheduleGroup.execute(ScheduleGroup.java:235)
	at repast.simphony.engine.schedule.Schedule.execute(Schedule.java:352)
	at repast.simphony.ui.GUIScheduleRunner$ScheduleLoopRunnable.run(GUIScheduleRunner.java:52)
	at java.lang.Thread.run(Thread.java:748)
FATAL [Thread-4] 2018-12-03 01:08:26,219 repast.simphony.ui.GUIScheduleRunner - RunTimeException when running the schedule
Current tick (150.0)
java.lang.RuntimeException: java.util.ConcurrentModificationException
	at repast.simphony.statecharts.AbstractState.onEnter(AbstractState.java:82)
	at repast.simphony.statecharts.DefaultStateChart.stateInit(DefaultStateChart.java:127)
	at repast.simphony.statecharts.DefaultStateChart.makeRegularTransition(DefaultStateChart.java:449)
	at repast.simphony.statecharts.DefaultStateChart.stateInit(DefaultStateChart.java:306)
	at repast.simphony.statecharts.DefaultStateChart.makeRegularTransition(DefaultStateChart.java:449)
	at repast.simphony.statecharts.DefaultStateChart.resolve(DefaultStateChart.java:550)
	at repast.simphony.statecharts.StateChartResolveAction.notifyListeners(StateChartResolveAction.java:69)
	at repast.simphony.statecharts.StateChartResolveAction.execute(StateChartResolveAction.java:80)
	at repast.simphony.engine.schedule.DefaultAction.execute(DefaultAction.java:38)
	at repast.simphony.engine.schedule.ScheduleGroup.executeList(ScheduleGroup.java:205)
	at repast.simphony.engine.schedule.ScheduleGroup.execute(ScheduleGroup.java:235)
	at repast.simphony.engine.schedule.Schedule.execute(Schedule.java:352)
	at repast.simphony.ui.GUIScheduleRunner$ScheduleLoopRunnable.run(GUIScheduleRunner.java:52)
	at java.lang.Thread.run(Thread.java:748)
Caused by: java.util.ConcurrentModificationException
	at java.util.ArrayList$Itr.checkForComodification(ArrayList.java:909)
	at java.util.ArrayList$Itr.next(ArrayList.java:859)
	at repast.simphony.util.collections.DelegatedIterator.next(DelegatedIterator.java:44)
	at org.apache.commons.collections15.iterators.IteratorChain.next(IteratorChain.java:271)
	at cyberwarFX.CyberProtectionTeam.seekAndDestroy(CyberProtectionTeam.java:79)
	at cyberwarFX.chart.SC2OnEnterAction2.action(SC2OnEnterAction2.java:17)
	at cyberwarFX.chart.SC2OnEnterAction2.action(SC2OnEnterAction2.java:1)
	at repast.simphony.statecharts.AbstractState.onEnter(AbstractState.java:79)
	... 13 more
ERROR [Thread-4] 2018-12-03 01:10:34,097 repast.simphony.statecharts.SimpleState - Error encountered when calling onEnter in state: eliminate threats
java.util.ConcurrentModificationException
	at java.util.ArrayList$Itr.checkForComodification(ArrayList.java:909)
	at java.util.ArrayList$Itr.next(ArrayList.java:859)
	at repast.simphony.util.collections.DelegatedIterator.next(DelegatedIterator.java:44)
	at org.apache.commons.collections15.iterators.IteratorChain.next(IteratorChain.java:271)
	at cyberwarFX.CyberProtectionTeam.seekAndDestroy(CyberProtectionTeam.java:79)
	at cyberwarFX.chart.SC2OnEnterAction2.action(SC2OnEnterAction2.java:17)
	at cyberwarFX.chart.SC2OnEnterAction2.action(SC2OnEnterAction2.java:1)
	at repast.simphony.statecharts.AbstractState.onEnter(AbstractState.java:79)
	at repast.simphony.statecharts.DefaultStateChart.stateInit(DefaultStateChart.java:127)
	at repast.simphony.statecharts.DefaultStateChart.makeRegularTransition(DefaultStateChart.java:449)
	at repast.simphony.statecharts.DefaultStateChart.stateInit(DefaultStateChart.java:306)
	at repast.simphony.statecharts.DefaultStateChart.makeRegularTransition(DefaultStateChart.java:449)
	at repast.simphony.statecharts.DefaultStateChart.resolve(DefaultStateChart.java:550)
	at repast.simphony.statecharts.StateChartResolveAction.notifyListeners(StateChartResolveAction.java:69)
	at repast.simphony.statecharts.StateChartResolveAction.execute(StateChartResolveAction.java:80)
	at repast.simphony.engine.schedule.DefaultAction.execute(DefaultAction.java:38)
	at repast.simphony.engine.schedule.ScheduleGroup.executeList(ScheduleGroup.java:205)
	at repast.simphony.engine.schedule.ScheduleGroup.execute(ScheduleGroup.java:235)
	at repast.simphony.engine.schedule.Schedule.execute(Schedule.java:352)
	at repast.simphony.ui.GUIScheduleRunner$ScheduleLoopRunnable.run(GUIScheduleRunner.java:52)
	at java.lang.Thread.run(Thread.java:748)
FATAL [Thread-4] 2018-12-03 01:10:34,099 repast.simphony.ui.GUIScheduleRunner - RunTimeException when running the schedule
Current tick (150.0)
java.lang.RuntimeException: java.util.ConcurrentModificationException
	at repast.simphony.statecharts.AbstractState.onEnter(AbstractState.java:82)
	at repast.simphony.statecharts.DefaultStateChart.stateInit(DefaultStateChart.java:127)
	at repast.simphony.statecharts.DefaultStateChart.makeRegularTransition(DefaultStateChart.java:449)
	at repast.simphony.statecharts.DefaultStateChart.stateInit(DefaultStateChart.java:306)
	at repast.simphony.statecharts.DefaultStateChart.makeRegularTransition(DefaultStateChart.java:449)
	at repast.simphony.statecharts.DefaultStateChart.resolve(DefaultStateChart.java:550)
	at repast.simphony.statecharts.StateChartResolveAction.notifyListeners(StateChartResolveAction.java:69)
	at repast.simphony.statecharts.StateChartResolveAction.execute(StateChartResolveAction.java:80)
	at repast.simphony.engine.schedule.DefaultAction.execute(DefaultAction.java:38)
	at repast.simphony.engine.schedule.ScheduleGroup.executeList(ScheduleGroup.java:205)
	at repast.simphony.engine.schedule.ScheduleGroup.execute(ScheduleGroup.java:235)
	at repast.simphony.engine.schedule.Schedule.execute(Schedule.java:352)
	at repast.simphony.ui.GUIScheduleRunner$ScheduleLoopRunnable.run(GUIScheduleRunner.java:52)
	at java.lang.Thread.run(Thread.java:748)
Caused by: java.util.ConcurrentModificationException
	at java.util.ArrayList$Itr.checkForComodification(ArrayList.java:909)
	at java.util.ArrayList$Itr.next(ArrayList.java:859)
	at repast.simphony.util.collections.DelegatedIterator.next(DelegatedIterator.java:44)
	at org.apache.commons.collections15.iterators.IteratorChain.next(IteratorChain.java:271)
	at cyberwarFX.CyberProtectionTeam.seekAndDestroy(CyberProtectionTeam.java:79)
	at cyberwarFX.chart.SC2OnEnterAction2.action(SC2OnEnterAction2.java:17)
	at cyberwarFX.chart.SC2OnEnterAction2.action(SC2OnEnterAction2.java:1)
	at repast.simphony.statecharts.AbstractState.onEnter(AbstractState.java:79)
	... 13 more
FATAL [Thread-4] 2018-12-04 16:24:48,206 repast.simphony.ui.GUIScheduleRunner - RunTimeException when running the schedule
Current tick (251.0)
java.lang.RuntimeException: java.lang.reflect.InvocationTargetException
	at repast.simphony.engine.schedule.DynamicTargetAction.execute(DynamicTargetAction.java:72)
	at repast.simphony.engine.controller.ScheduledMethodControllerAction$ScheduleMethodAllAction.execute(ScheduledMethodControllerAction.java:333)
	at repast.simphony.engine.schedule.DefaultAction.execute(DefaultAction.java:38)
	at repast.simphony.engine.schedule.ScheduleGroup.executeList(ScheduleGroup.java:205)
	at repast.simphony.engine.schedule.ScheduleGroup.execute(ScheduleGroup.java:231)
	at repast.simphony.engine.schedule.Schedule.execute(Schedule.java:352)
	at repast.simphony.ui.GUIScheduleRunner$ScheduleLoopRunnable.run(GUIScheduleRunner.java:52)
	at java.lang.Thread.run(Thread.java:748)
Caused by: java.lang.reflect.InvocationTargetException
	at cyberwarFX.CyberProtectionTeam$$FastClassByCGLIB$$9756c502.invoke(<generated>)
	at net.sf.cglib.reflect.FastMethod.invoke(FastMethod.java:53)
	at repast.simphony.engine.schedule.DynamicTargetAction.execute(DynamicTargetAction.java:69)
	... 7 more
Caused by: java.util.ConcurrentModificationException
	at java.util.ArrayList$Itr.checkForComodification(ArrayList.java:909)
	at java.util.ArrayList$Itr.next(ArrayList.java:859)
	at repast.simphony.util.collections.DelegatedIterator.next(DelegatedIterator.java:44)
	at org.apache.commons.collections15.iterators.IteratorChain.next(IteratorChain.java:271)
	at cyberwarFX.CyberProtectionTeam.seekAndDestroy(CyberProtectionTeam.java:69)
	at cyberwarFX.CyberProtectionTeam.remediate(CyberProtectionTeam.java:57)
	at cyberwarFX.CyberProtectionTeam.hunt(CyberProtectionTeam.java:43)
	... 10 more
FATAL [Thread-4] 2018-12-04 16:27:07,880 repast.simphony.ui.GUIScheduleRunner - RunTimeException when running the schedule
Current tick (251.0)
java.lang.RuntimeException: java.lang.reflect.InvocationTargetException
	at repast.simphony.engine.schedule.DynamicTargetAction.execute(DynamicTargetAction.java:72)
	at repast.simphony.engine.controller.ScheduledMethodControllerAction$ScheduleMethodAllAction.execute(ScheduledMethodControllerAction.java:333)
	at repast.simphony.engine.schedule.DefaultAction.execute(DefaultAction.java:38)
	at repast.simphony.engine.schedule.ScheduleGroup.executeList(ScheduleGroup.java:205)
	at repast.simphony.engine.schedule.ScheduleGroup.execute(ScheduleGroup.java:231)
	at repast.simphony.engine.schedule.Schedule.execute(Schedule.java:352)
	at repast.simphony.ui.GUIScheduleRunner$ScheduleLoopRunnable.run(GUIScheduleRunner.java:52)
	at java.lang.Thread.run(Thread.java:748)
Caused by: java.lang.reflect.InvocationTargetException
	at cyberwarFX.CyberProtectionTeam$$FastClassByCGLIB$$9756c502.invoke(<generated>)
	at net.sf.cglib.reflect.FastMethod.invoke(FastMethod.java:53)
	at repast.simphony.engine.schedule.DynamicTargetAction.execute(DynamicTargetAction.java:69)
	... 7 more
Caused by: java.util.ConcurrentModificationException
	at java.util.ArrayList$Itr.checkForComodification(ArrayList.java:909)
	at java.util.ArrayList$Itr.next(ArrayList.java:859)
	at repast.simphony.util.collections.DelegatedIterator.next(DelegatedIterator.java:44)
	at org.apache.commons.collections15.iterators.IteratorChain.next(IteratorChain.java:271)
	at cyberwarFX.CyberProtectionTeam.seekAndDestroy(CyberProtectionTeam.java:69)
	at cyberwarFX.CyberProtectionTeam.remediate(CyberProtectionTeam.java:57)
	at cyberwarFX.CyberProtectionTeam.hunt(CyberProtectionTeam.java:43)
	... 10 more
ERROR [AWT-EventQueue-0] 2018-12-04 21:32:16,502 repast.simphony.ui.RSApplication - Error while initializing simulation
repast.simphony.parameter.IllegalParameterException: Parameter 'Asset_Count' not found in the schema.
	at repast.simphony.parameter.DefaultParameters.getValue(DefaultParameters.java:213)
	at repast.simphony.parameter.DefaultParameters.getInteger(DefaultParameters.java:242)
	at cyberwarFX.CyberwarBuilder.build(CyberwarBuilder.java:39)
	at repast.simphony.dataLoader.engine.ClassNameContextBuilder.build(ClassNameContextBuilder.java:41)
	at repast.simphony.dataLoader.engine.DataLoaderControllerAction.runInitialize(DataLoaderControllerAction.java:48)
	at repast.simphony.engine.controller.DefaultController$2.visit(DefaultController.java:214)
	at repast.simphony.engine.controller.DefaultController$2.visit(DefaultController.java:1)
	at repast.simphony.util.collections.NaryTree.preOrderTraverals(NaryTree.java:292)
	at repast.simphony.util.collections.NaryTree.preOrderTraverals(NaryTree.java:295)
	at repast.simphony.util.collections.NaryTree.preOrderTraverals(NaryTree.java:295)
	at repast.simphony.util.collections.NaryTree.preOrderTraversal(NaryTree.java:288)
	at repast.simphony.engine.controller.DefaultController.runInitialize(DefaultController.java:212)
	at repast.simphony.engine.controller.DefaultController.runInitialize(DefaultController.java:383)
	at repast.simphony.ui.RSApplication.initSim(RSApplication.java:157)
	at repast.simphony.ui.action.InitRun.actionPerformed(InitRun.java:17)
	at javax.swing.AbstractButton.fireActionPerformed(AbstractButton.java:2022)
	at javax.swing.AbstractButton$Handler.actionPerformed(AbstractButton.java:2348)
	at javax.swing.DefaultButtonModel.fireActionPerformed(DefaultButtonModel.java:402)
	at javax.swing.DefaultButtonModel.setPressed(DefaultButtonModel.java:259)
	at javax.swing.plaf.basic.BasicButtonListener.mouseReleased(BasicButtonListener.java:252)
	at java.awt.AWTEventMulticaster.mouseReleased(AWTEventMulticaster.java:289)
	at java.awt.Component.processMouseEvent(Component.java:6533)
	at javax.swing.JComponent.processMouseEvent(JComponent.java:3324)
	at java.awt.Component.processEvent(Component.java:6298)
	at java.awt.Container.processEvent(Container.java:2238)
	at java.awt.Component.dispatchEventImpl(Component.java:4889)
	at java.awt.Container.dispatchEventImpl(Container.java:2296)
	at java.awt.Component.dispatchEvent(Component.java:4711)
	at java.awt.LightweightDispatcher.retargetMouseEvent(Container.java:4897)
	at java.awt.LightweightDispatcher.processMouseEvent(Container.java:4534)
	at java.awt.LightweightDispatcher.dispatchEvent(Container.java:4475)
	at java.awt.Container.dispatchEventImpl(Container.java:2282)
	at java.awt.Window.dispatchEventImpl(Window.java:2746)
	at java.awt.Component.dispatchEvent(Component.java:4711)
	at java.awt.EventQueue.dispatchEventImpl(EventQueue.java:760)
	at java.awt.EventQueue.access$500(EventQueue.java:97)
	at java.awt.EventQueue$3.run(EventQueue.java:709)
	at java.awt.EventQueue$3.run(EventQueue.java:703)
	at java.security.AccessController.doPrivileged(Native Method)
	at java.security.ProtectionDomain$JavaSecurityAccessImpl.doIntersectionPrivilege(ProtectionDomain.java:80)
	at java.security.ProtectionDomain$JavaSecurityAccessImpl.doIntersectionPrivilege(ProtectionDomain.java:90)
	at java.awt.EventQueue$4.run(EventQueue.java:733)
	at java.awt.EventQueue$4.run(EventQueue.java:731)
	at java.security.AccessController.doPrivileged(Native Method)
	at java.security.ProtectionDomain$JavaSecurityAccessImpl.doIntersectionPrivilege(ProtectionDomain.java:80)
	at java.awt.EventQueue.dispatchEvent(EventQueue.java:730)
	at java.awt.EventDispatchThread.pumpOneEventForFilters(EventDispatchThread.java:205)
	at java.awt.EventDispatchThread.pumpEventsForFilter(EventDispatchThread.java:116)
	at java.awt.EventDispatchThread.pumpEventsForHierarchy(EventDispatchThread.java:105)
	at java.awt.EventDispatchThread.pumpEvents(EventDispatchThread.java:101)
	at java.awt.EventDispatchThread.pumpEvents(EventDispatchThread.java:93)
	at java.awt.EventDispatchThread.run(EventDispatchThread.java:82)
ERROR [AWT-EventQueue-0] 2018-12-04 21:49:40,279 repast.simphony.ui.RSApplication - Error while initializing simulation
java.lang.NullPointerException
	at repast.simphony.data2.AbstractDataSetManager.runStarted(AbstractDataSetManager.java:218)
	at repast.simphony.data2.SingleRunDataSetManager.runStarted(SingleRunDataSetManager.java:67)
	at repast.simphony.data2.engine.DataInitActionCreator$1.runInitialize(DataInitActionCreator.java:61)
	at repast.simphony.engine.controller.DefaultController$2.visit(DefaultController.java:214)
	at repast.simphony.engine.controller.DefaultController$2.visit(DefaultController.java:1)
	at repast.simphony.util.collections.NaryTree.preOrderTraverals(NaryTree.java:292)
	at repast.simphony.util.collections.NaryTree.preOrderTraverals(NaryTree.java:295)
	at repast.simphony.util.collections.NaryTree.preOrderTraversal(NaryTree.java:288)
	at repast.simphony.engine.controller.DefaultController.runInitialize(DefaultController.java:212)
	at repast.simphony.engine.controller.DefaultController.runInitialize(DefaultController.java:383)
	at repast.simphony.ui.RSApplication.initSim(RSApplication.java:157)
	at repast.simphony.ui.action.InitRun.actionPerformed(InitRun.java:17)
	at javax.swing.AbstractButton.fireActionPerformed(AbstractButton.java:2022)
	at javax.swing.AbstractButton$Handler.actionPerformed(AbstractButton.java:2348)
	at javax.swing.DefaultButtonModel.fireActionPerformed(DefaultButtonModel.java:402)
	at javax.swing.DefaultButtonModel.setPressed(DefaultButtonModel.java:259)
	at javax.swing.plaf.basic.BasicButtonListener.mouseReleased(BasicButtonListener.java:252)
	at java.awt.AWTEventMulticaster.mouseReleased(AWTEventMulticaster.java:289)
	at java.awt.Component.processMouseEvent(Component.java:6533)
	at javax.swing.JComponent.processMouseEvent(JComponent.java:3324)
	at java.awt.Component.processEvent(Component.java:6298)
	at java.awt.Container.processEvent(Container.java:2238)
	at java.awt.Component.dispatchEventImpl(Component.java:4889)
	at java.awt.Container.dispatchEventImpl(Container.java:2296)
	at java.awt.Component.dispatchEvent(Component.java:4711)
	at java.awt.LightweightDispatcher.retargetMouseEvent(Container.java:4897)
	at java.awt.LightweightDispatcher.processMouseEvent(Container.java:4534)
	at java.awt.LightweightDispatcher.dispatchEvent(Container.java:4475)
	at java.awt.Container.dispatchEventImpl(Container.java:2282)
	at java.awt.Window.dispatchEventImpl(Window.java:2746)
	at java.awt.Component.dispatchEvent(Component.java:4711)
	at java.awt.EventQueue.dispatchEventImpl(EventQueue.java:760)
	at java.awt.EventQueue.access$500(EventQueue.java:97)
	at java.awt.EventQueue$3.run(EventQueue.java:709)
	at java.awt.EventQueue$3.run(EventQueue.java:703)
	at java.security.AccessController.doPrivileged(Native Method)
	at java.security.ProtectionDomain$JavaSecurityAccessImpl.doIntersectionPrivilege(ProtectionDomain.java:80)
	at java.security.ProtectionDomain$JavaSecurityAccessImpl.doIntersectionPrivilege(ProtectionDomain.java:90)
	at java.awt.EventQueue$4.run(EventQueue.java:733)
	at java.awt.EventQueue$4.run(EventQueue.java:731)
	at java.security.AccessController.doPrivileged(Native Method)
	at java.security.ProtectionDomain$JavaSecurityAccessImpl.doIntersectionPrivilege(ProtectionDomain.java:80)
	at java.awt.EventQueue.dispatchEvent(EventQueue.java:730)
	at java.awt.EventDispatchThread.pumpOneEventForFilters(EventDispatchThread.java:205)
	at java.awt.EventDispatchThread.pumpEventsForFilter(EventDispatchThread.java:116)
	at java.awt.EventDispatchThread.pumpEventsForHierarchy(EventDispatchThread.java:105)
	at java.awt.EventDispatchThread.pumpEvents(EventDispatchThread.java:101)
	at java.awt.EventDispatchThread.pumpEvents(EventDispatchThread.java:93)
	at java.awt.EventDispatchThread.run(EventDispatchThread.java:82)
ERROR [AWT-EventQueue-0] 2018-12-04 21:49:41,523 repast.simphony.ui.RSApplication - Error while initializing simulation
java.lang.NullPointerException
	at repast.simphony.data2.AbstractDataSetManager.runStarted(AbstractDataSetManager.java:218)
	at repast.simphony.data2.SingleRunDataSetManager.runStarted(SingleRunDataSetManager.java:67)
	at repast.simphony.data2.engine.DataInitActionCreator$1.runInitialize(DataInitActionCreator.java:61)
	at repast.simphony.engine.controller.DefaultController$2.visit(DefaultController.java:214)
	at repast.simphony.engine.controller.DefaultController$2.visit(DefaultController.java:1)
	at repast.simphony.util.collections.NaryTree.preOrderTraverals(NaryTree.java:292)
	at repast.simphony.util.collections.NaryTree.preOrderTraverals(NaryTree.java:295)
	at repast.simphony.util.collections.NaryTree.preOrderTraversal(NaryTree.java:288)
	at repast.simphony.engine.controller.DefaultController.runInitialize(DefaultController.java:212)
	at repast.simphony.engine.controller.DefaultController.runInitialize(DefaultController.java:383)
	at repast.simphony.ui.RSApplication.initSim(RSApplication.java:157)
	at repast.simphony.ui.RSApplication.start(RSApplication.java:189)
	at repast.simphony.ui.action.StartRun.actionPerformed(StartRun.java:17)
	at javax.swing.AbstractButton.fireActionPerformed(AbstractButton.java:2022)
	at javax.swing.AbstractButton$Handler.actionPerformed(AbstractButton.java:2348)
	at javax.swing.DefaultButtonModel.fireActionPerformed(DefaultButtonModel.java:402)
	at javax.swing.DefaultButtonModel.setPressed(DefaultButtonModel.java:259)
	at javax.swing.plaf.basic.BasicButtonListener.mouseReleased(BasicButtonListener.java:252)
	at java.awt.AWTEventMulticaster.mouseReleased(AWTEventMulticaster.java:289)
	at java.awt.Component.processMouseEvent(Component.java:6533)
	at javax.swing.JComponent.processMouseEvent(JComponent.java:3324)
	at java.awt.Component.processEvent(Component.java:6298)
	at java.awt.Container.processEvent(Container.java:2238)
	at java.awt.Component.dispatchEventImpl(Component.java:4889)
	at java.awt.Container.dispatchEventImpl(Container.java:2296)
	at java.awt.Component.dispatchEvent(Component.java:4711)
	at java.awt.LightweightDispatcher.retargetMouseEvent(Container.java:4897)
	at java.awt.LightweightDispatcher.processMouseEvent(Container.java:4534)
	at java.awt.LightweightDispatcher.dispatchEvent(Container.java:4475)
	at java.awt.Container.dispatchEventImpl(Container.java:2282)
	at java.awt.Window.dispatchEventImpl(Window.java:2746)
	at java.awt.Component.dispatchEvent(Component.java:4711)
	at java.awt.EventQueue.dispatchEventImpl(EventQueue.java:760)
	at java.awt.EventQueue.access$500(EventQueue.java:97)
	at java.awt.EventQueue$3.run(EventQueue.java:709)
	at java.awt.EventQueue$3.run(EventQueue.java:703)
	at java.security.AccessController.doPrivileged(Native Method)
	at java.security.ProtectionDomain$JavaSecurityAccessImpl.doIntersectionPrivilege(ProtectionDomain.java:80)
	at java.security.ProtectionDomain$JavaSecurityAccessImpl.doIntersectionPrivilege(ProtectionDomain.java:90)
	at java.awt.EventQueue$4.run(EventQueue.java:733)
	at java.awt.EventQueue$4.run(EventQueue.java:731)
	at java.security.AccessController.doPrivileged(Native Method)
	at java.security.ProtectionDomain$JavaSecurityAccessImpl.doIntersectionPrivilege(ProtectionDomain.java:80)
	at java.awt.EventQueue.dispatchEvent(EventQueue.java:730)
	at java.awt.EventDispatchThread.pumpOneEventForFilters(EventDispatchThread.java:205)
	at java.awt.EventDispatchThread.pumpEventsForFilter(EventDispatchThread.java:116)
	at java.awt.EventDispatchThread.pumpEventsForHierarchy(EventDispatchThread.java:105)
	at java.awt.EventDispatchThread.pumpEvents(EventDispatchThread.java:101)
	at java.awt.EventDispatchThread.pumpEvents(EventDispatchThread.java:93)
	at java.awt.EventDispatchThread.run(EventDispatchThread.java:82)
ERROR [AWT-EventQueue-0] 2018-12-04 21:50:00,644 repast.simphony.ui.RSApplication - Error while initializing simulation
java.lang.NullPointerException
	at repast.simphony.data2.AbstractDataSetManager.runStarted(AbstractDataSetManager.java:218)
	at repast.simphony.data2.SingleRunDataSetManager.runStarted(SingleRunDataSetManager.java:67)
	at repast.simphony.data2.engine.DataInitActionCreator$1.runInitialize(DataInitActionCreator.java:61)
	at repast.simphony.engine.controller.DefaultController$2.visit(DefaultController.java:214)
	at repast.simphony.engine.controller.DefaultController$2.visit(DefaultController.java:1)
	at repast.simphony.util.collections.NaryTree.preOrderTraverals(NaryTree.java:292)
	at repast.simphony.util.collections.NaryTree.preOrderTraverals(NaryTree.java:295)
	at repast.simphony.util.collections.NaryTree.preOrderTraversal(NaryTree.java:288)
	at repast.simphony.engine.controller.DefaultController.runInitialize(DefaultController.java:212)
	at repast.simphony.engine.controller.DefaultController.runInitialize(DefaultController.java:383)
	at repast.simphony.ui.RSApplication.initSim(RSApplication.java:157)
	at repast.simphony.ui.action.InitRun.actionPerformed(InitRun.java:17)
	at javax.swing.AbstractButton.fireActionPerformed(AbstractButton.java:2022)
	at javax.swing.AbstractButton$Handler.actionPerformed(AbstractButton.java:2348)
	at javax.swing.DefaultButtonModel.fireActionPerformed(DefaultButtonModel.java:402)
	at javax.swing.DefaultButtonModel.setPressed(DefaultButtonModel.java:259)
	at javax.swing.plaf.basic.BasicButtonListener.mouseReleased(BasicButtonListener.java:252)
	at java.awt.AWTEventMulticaster.mouseReleased(AWTEventMulticaster.java:289)
	at java.awt.Component.processMouseEvent(Component.java:6533)
	at javax.swing.JComponent.processMouseEvent(JComponent.java:3324)
	at java.awt.Component.processEvent(Component.java:6298)
	at java.awt.Container.processEvent(Container.java:2238)
	at java.awt.Component.dispatchEventImpl(Component.java:4889)
	at java.awt.Container.dispatchEventImpl(Container.java:2296)
	at java.awt.Component.dispatchEvent(Component.java:4711)
	at java.awt.LightweightDispatcher.retargetMouseEvent(Container.java:4897)
	at java.awt.LightweightDispatcher.processMouseEvent(Container.java:4534)
	at java.awt.LightweightDispatcher.dispatchEvent(Container.java:4475)
	at java.awt.Container.dispatchEventImpl(Container.java:2282)
	at java.awt.Window.dispatchEventImpl(Window.java:2746)
	at java.awt.Component.dispatchEvent(Component.java:4711)
	at java.awt.EventQueue.dispatchEventImpl(EventQueue.java:760)
	at java.awt.EventQueue.access$500(EventQueue.java:97)
	at java.awt.EventQueue$3.run(EventQueue.java:709)
	at java.awt.EventQueue$3.run(EventQueue.java:703)
	at java.security.AccessController.doPrivileged(Native Method)
	at java.security.ProtectionDomain$JavaSecurityAccessImpl.doIntersectionPrivilege(ProtectionDomain.java:80)
	at java.security.ProtectionDomain$JavaSecurityAccessImpl.doIntersectionPrivilege(ProtectionDomain.java:90)
	at java.awt.EventQueue$4.run(EventQueue.java:733)
	at java.awt.EventQueue$4.run(EventQueue.java:731)
	at java.security.AccessController.doPrivileged(Native Method)
	at java.security.ProtectionDomain$JavaSecurityAccessImpl.doIntersectionPrivilege(ProtectionDomain.java:80)
	at java.awt.EventQueue.dispatchEvent(EventQueue.java:730)
	at java.awt.EventDispatchThread.pumpOneEventForFilters(EventDispatchThread.java:205)
	at java.awt.EventDispatchThread.pumpEventsForFilter(EventDispatchThread.java:116)
	at java.awt.EventDispatchThread.pumpEventsForHierarchy(EventDispatchThread.java:105)
	at java.awt.EventDispatchThread.pumpEvents(EventDispatchThread.java:101)
	at java.awt.EventDispatchThread.pumpEvents(EventDispatchThread.java:93)
	at java.awt.EventDispatchThread.run(EventDispatchThread.java:82)
ERROR [AWT-EventQueue-0] 2018-12-04 21:51:31,262 repast.simphony.data2.engine.FileSinkComponentControllerAction - Error while creating FileDataSink. DataSet 'Assets' not found
java.lang.NullPointerException
	at repast.simphony.data2.engine.FileSinkComponentControllerAction.batchInitialize(FileSinkComponentControllerAction.java:90)
	at repast.simphony.engine.controller.DefaultController$1.visit(DefaultController.java:192)
	at repast.simphony.engine.controller.DefaultController$1.visit(DefaultController.java:1)
	at repast.simphony.util.collections.NaryTree.preOrderTraverals(NaryTree.java:292)
	at repast.simphony.util.collections.NaryTree.preOrderTraverals(NaryTree.java:295)
	at repast.simphony.util.collections.NaryTree.preOrderTraverals(NaryTree.java:295)
	at repast.simphony.util.collections.NaryTree.preOrderTraversal(NaryTree.java:288)
	at repast.simphony.engine.controller.DefaultController.batchInitialize(DefaultController.java:190)
	at repast.simphony.engine.controller.DefaultController.batchInitialize(DefaultController.java:349)
	at repast.simphony.ui.RSApplication.initSim(RSApplication.java:155)
	at repast.simphony.ui.action.InitRun.actionPerformed(InitRun.java:17)
	at javax.swing.AbstractButton.fireActionPerformed(AbstractButton.java:2022)
	at javax.swing.AbstractButton$Handler.actionPerformed(AbstractButton.java:2348)
	at javax.swing.DefaultButtonModel.fireActionPerformed(DefaultButtonModel.java:402)
	at javax.swing.DefaultButtonModel.setPressed(DefaultButtonModel.java:259)
	at javax.swing.plaf.basic.BasicButtonListener.mouseReleased(BasicButtonListener.java:252)
	at java.awt.AWTEventMulticaster.mouseReleased(AWTEventMulticaster.java:289)
	at java.awt.Component.processMouseEvent(Component.java:6533)
	at javax.swing.JComponent.processMouseEvent(JComponent.java:3324)
	at java.awt.Component.processEvent(Component.java:6298)
	at java.awt.Container.processEvent(Container.java:2238)
	at java.awt.Component.dispatchEventImpl(Component.java:4889)
	at java.awt.Container.dispatchEventImpl(Container.java:2296)
	at java.awt.Component.dispatchEvent(Component.java:4711)
	at java.awt.LightweightDispatcher.retargetMouseEvent(Container.java:4897)
	at java.awt.LightweightDispatcher.processMouseEvent(Container.java:4534)
	at java.awt.LightweightDispatcher.dispatchEvent(Container.java:4475)
	at java.awt.Container.dispatchEventImpl(Container.java:2282)
	at java.awt.Window.dispatchEventImpl(Window.java:2746)
	at java.awt.Component.dispatchEvent(Component.java:4711)
	at java.awt.EventQueue.dispatchEventImpl(EventQueue.java:760)
	at java.awt.EventQueue.access$500(EventQueue.java:97)
	at java.awt.EventQueue$3.run(EventQueue.java:709)
	at java.awt.EventQueue$3.run(EventQueue.java:703)
	at java.security.AccessController.doPrivileged(Native Method)
	at java.security.ProtectionDomain$JavaSecurityAccessImpl.doIntersectionPrivilege(ProtectionDomain.java:80)
	at java.security.ProtectionDomain$JavaSecurityAccessImpl.doIntersectionPrivilege(ProtectionDomain.java:90)
	at java.awt.EventQueue$4.run(EventQueue.java:733)
	at java.awt.EventQueue$4.run(EventQueue.java:731)
	at java.security.AccessController.doPrivileged(Native Method)
	at java.security.ProtectionDomain$JavaSecurityAccessImpl.doIntersectionPrivilege(ProtectionDomain.java:80)
	at java.awt.EventQueue.dispatchEvent(EventQueue.java:730)
	at java.awt.EventDispatchThread.pumpOneEventForFilters(EventDispatchThread.java:205)
	at java.awt.EventDispatchThread.pumpEventsForFilter(EventDispatchThread.java:116)
	at java.awt.EventDispatchThread.pumpEventsForHierarchy(EventDispatchThread.java:105)
	at java.awt.EventDispatchThread.pumpEvents(EventDispatchThread.java:101)
	at java.awt.EventDispatchThread.pumpEvents(EventDispatchThread.java:93)
	at java.awt.EventDispatchThread.run(EventDispatchThread.java:82)
ERROR [AWT-EventQueue-0] 2018-12-04 21:52:52,093 repast.simphony.data2.engine.FileSinkComponentControllerAction - Error while creating FileDataSink. DataSet 'Assets' not found
java.lang.NullPointerException
	at repast.simphony.data2.engine.FileSinkComponentControllerAction.batchInitialize(FileSinkComponentControllerAction.java:90)
	at repast.simphony.engine.controller.DefaultController$1.visit(DefaultController.java:192)
	at repast.simphony.engine.controller.DefaultController$1.visit(DefaultController.java:1)
	at repast.simphony.util.collections.NaryTree.preOrderTraverals(NaryTree.java:292)
	at repast.simphony.util.collections.NaryTree.preOrderTraverals(NaryTree.java:295)
	at repast.simphony.util.collections.NaryTree.preOrderTraverals(NaryTree.java:295)
	at repast.simphony.util.collections.NaryTree.preOrderTraversal(NaryTree.java:288)
	at repast.simphony.engine.controller.DefaultController.batchInitialize(DefaultController.java:190)
	at repast.simphony.engine.controller.DefaultController.batchInitialize(DefaultController.java:349)
	at repast.simphony.ui.RSApplication.initSim(RSApplication.java:155)
	at repast.simphony.ui.action.InitRun.actionPerformed(InitRun.java:17)
	at javax.swing.AbstractButton.fireActionPerformed(AbstractButton.java:2022)
	at javax.swing.AbstractButton$Handler.actionPerformed(AbstractButton.java:2348)
	at javax.swing.DefaultButtonModel.fireActionPerformed(DefaultButtonModel.java:402)
	at javax.swing.DefaultButtonModel.setPressed(DefaultButtonModel.java:259)
	at javax.swing.plaf.basic.BasicButtonListener.mouseReleased(BasicButtonListener.java:252)
	at java.awt.AWTEventMulticaster.mouseReleased(AWTEventMulticaster.java:289)
	at java.awt.Component.processMouseEvent(Component.java:6533)
	at javax.swing.JComponent.processMouseEvent(JComponent.java:3324)
	at java.awt.Component.processEvent(Component.java:6298)
	at java.awt.Container.processEvent(Container.java:2238)
	at java.awt.Component.dispatchEventImpl(Component.java:4889)
	at java.awt.Container.dispatchEventImpl(Container.java:2296)
	at java.awt.Component.dispatchEvent(Component.java:4711)
	at java.awt.LightweightDispatcher.retargetMouseEvent(Container.java:4897)
	at java.awt.LightweightDispatcher.processMouseEvent(Container.java:4534)
	at java.awt.LightweightDispatcher.dispatchEvent(Container.java:4475)
	at java.awt.Container.dispatchEventImpl(Container.java:2282)
	at java.awt.Window.dispatchEventImpl(Window.java:2746)
	at java.awt.Component.dispatchEvent(Component.java:4711)
	at java.awt.EventQueue.dispatchEventImpl(EventQueue.java:760)
	at java.awt.EventQueue.access$500(EventQueue.java:97)
	at java.awt.EventQueue$3.run(EventQueue.java:709)
	at java.awt.EventQueue$3.run(EventQueue.java:703)
	at java.security.AccessController.doPrivileged(Native Method)
	at java.security.ProtectionDomain$JavaSecurityAccessImpl.doIntersectionPrivilege(ProtectionDomain.java:80)
	at java.security.ProtectionDomain$JavaSecurityAccessImpl.doIntersectionPrivilege(ProtectionDomain.java:90)
	at java.awt.EventQueue$4.run(EventQueue.java:733)
	at java.awt.EventQueue$4.run(EventQueue.java:731)
	at java.security.AccessController.doPrivileged(Native Method)
	at java.security.ProtectionDomain$JavaSecurityAccessImpl.doIntersectionPrivilege(ProtectionDomain.java:80)
	at java.awt.EventQueue.dispatchEvent(EventQueue.java:730)
	at java.awt.EventDispatchThread.pumpOneEventForFilters(EventDispatchThread.java:205)
	at java.awt.EventDispatchThread.pumpEventsForFilter(EventDispatchThread.java:116)
	at java.awt.EventDispatchThread.pumpEventsForHierarchy(EventDispatchThread.java:105)
	at java.awt.EventDispatchThread.pumpEvents(EventDispatchThread.java:101)
	at java.awt.EventDispatchThread.pumpEvents(EventDispatchThread.java:93)
	at java.awt.EventDispatchThread.run(EventDispatchThread.java:82)
